[2021-06-22 18:03:02] [INFO   ] {"collection_ca_cmpny":{"@COUNT":1,"@START":1,"@TOTAL_COUNT":1,"ca_cmpny":{"@id":"U'CA4CA85C0A55954FA94C878B5504DABC'","@REL_ATTR":"U'CA4CA85C0A55954FA94C878B5504DABC'","@COMMON_NAME":"010126 - UA ANA RECH/CAXIAS DO SUL","link":{"@href":"http://usd.des.sicredi.net:8050/caisd-rest/ca_cmpny/U'CA4CA85C0A55954FA94C878B5504DABC'","@rel":"self"}}}} 
[2021-06-22 18:03:02] [INFO   ] {"collection_ca_cmpny":{"@COUNT":1,"@START":1,"@TOTAL_COUNT":1,"ca_cmpny":{"@id":"U'871E00355B097B4FBC288FF1BE0232E3'","@REL_ATTR":"U'871E00355B097B4FBC288FF1BE0232E3'","@COMMON_NAME":"010902 - UA SANTO ANTÔNIO PATRULHA","link":{"@href":"http://usd.des.sicredi.net:8050/caisd-rest/ca_cmpny/U'871E00355B097B4FBC288FF1BE0232E3'","@rel":"self"}}}} 
[2021-06-22 18:03:02] [INFO   ] {"collection_ca_cmpny":{"@COUNT":1,"@START":1,"@TOTAL_COUNT":1,"ca_cmpny":{"@id":"U'2A096B057F7EE6429E531DE10FEA7073'","@REL_ATTR":"U'2A096B057F7EE6429E531DE10FEA7073'","@COMMON_NAME":"010903 - UA TAQUARA","link":{"@href":"http://usd.des.sicredi.net:8050/caisd-rest/ca_cmpny/U'2A096B057F7EE6429E531DE10FEA7073'","@rel":"self"}}}} 
[2021-06-22 18:03:02] [INFO   ] {"collection_ca_cmpny":{"@COUNT":1,"@START":1,"@TOTAL_COUNT":1,"ca_cmpny":{"@id":"U'30C5834B580F834888FDB9880CC897B1'","@REL_ATTR":"U'30C5834B580F834888FDB9880CC897B1'","@COMMON_NAME":"010904 - UA RIOZINHO","link":{"@href":"http://usd.des.sicredi.net:8050/caisd-rest/ca_cmpny/U'30C5834B580F834888FDB9880CC897B1'","@rel":"self"}}}} 
[2021-06-22 18:03:02] [INFO   ] {"collection_ca_cmpny":{"@COUNT":1,"@START":1,"@TOTAL_COUNT":1,"ca_cmpny":{"@id":"U'B3D9900CDA6326469EACC9B1980B2F84'","@REL_ATTR":"U'B3D9900CDA6326469EACC9B1980B2F84'","@COMMON_NAME":"010905 - UA OSÓRIO","link":{"@href":"http://usd.des.sicredi.net:8050/caisd-rest/ca_cmpny/U'B3D9900CDA6326469EACC9B1980B2F84'","@rel":"self"}}}} 
[2021-06-22 18:03:02] [INFO   ] {"collection_ca_cmpny":{"@COUNT":1,"@START":1,"@TOTAL_COUNT":1,"ca_cmpny":{"@id":"U'9C9C7BB04A36FA468A764A154C8E209F'","@REL_ATTR":"U'9C9C7BB04A36FA468A764A154C8E209F'","@COMMON_NAME":"010907 - UA TERRA DE AREIA","link":{"@href":"http://usd.des.sicredi.net:8050/caisd-rest/ca_cmpny/U'9C9C7BB04A36FA468A764A154C8E209F'","@rel":"self"}}}} 
[2021-06-22 18:03:02] [INFO   ] {"collection_ca_cmpny":{"@COUNT":1,"@START":1,"@TOTAL_COUNT":1,"ca_cmpny":{"@id":"U'C30B6151D33CEC4FA97B588D92DA2F35'","@REL_ATTR":"U'C30B6151D33CEC4FA97B588D92DA2F35'","@COMMON_NAME":"010908 - UA NOVA HARTZ","link":{"@href":"http://usd.des.sicredi.net:8050/caisd-rest/ca_cmpny/U'C30B6151D33CEC4FA97B588D92DA2F35'","@rel":"self"}}}} 
[2021-06-22 18:03:02] [INFO   ] {"collection_ca_cmpny":{"@COUNT":1,"@START":1,"@TOTAL_COUNT":1,"ca_cmpny":{"@id":"U'4FA3D9170FED8A46A6060E66C7C9D1BF'","@REL_ATTR":"U'4FA3D9170FED8A46A6060E66C7C9D1BF'","@COMMON_NAME":"010909 - UA ITATI","link":{"@href":"http://usd.des.sicredi.net:8050/caisd-rest/ca_cmpny/U'4FA3D9170FED8A46A6060E66C7C9D1BF'","@rel":"self"}}}} 
[2021-06-22 18:03:02] [INFO   ] {"collection_ca_cmpny":{"@COUNT":1,"@START":1,"@TOTAL_COUNT":1,"ca_cmpny":{"@id":"U'0515B2C4D7CABE49AE76D20BAF06CCD1'","@REL_ATTR":"U'0515B2C4D7CABE49AE76D20BAF06CCD1'","@COMMON_NAME":"010910 - UA ROLANTE","link":{"@href":"http://usd.des.sicredi.net:8050/caisd-rest/ca_cmpny/U'0515B2C4D7CABE49AE76D20BAF06CCD1'","@rel":"self"}}}} 
[2021-06-22 18:03:02] [INFO   ] {"collection_ca_cmpny":{"@COUNT":1,"@START":1,"@TOTAL_COUNT":1,"ca_cmpny":{"@id":"U'37F49A3486F0694295F0513B1DCD2C7B'","@REL_ATTR":"U'37F49A3486F0694295F0513B1DCD2C7B'","@COMMON_NAME":"010911 - UA PALMARES DO SUL","link":{"@href":"http://usd.des.sicredi.net:8050/caisd-rest/ca_cmpny/U'37F49A3486F0694295F0513B1DCD2C7B'","@rel":"self"}}}} 
[2021-06-22 18:03:02] [INFO   ] {"collection_ca_cmpny":{"@COUNT":1,"@START":1,"@TOTAL_COUNT":1,"ca_cmpny":{"@id":"U'2177BBA9E8B0524A94A4400C6138DB19'","@REL_ATTR":"U'2177BBA9E8B0524A94A4400C6138DB19'","@COMMON_NAME":"010912 - UA TORRES","link":{"@href":"http://usd.des.sicredi.net:8050/caisd-rest/ca_cmpny/U'2177BBA9E8B0524A94A4400C6138DB19'","@rel":"self"}}}} 
[2021-06-22 18:03:02] [INFO   ] {"collection_ca_cmpny":{"@COUNT":1,"@START":1,"@TOTAL_COUNT":1,"ca_cmpny":{"@id":"U'4BDBCAEB472E59438DEEF047951FAC88'","@REL_ATTR":"U'4BDBCAEB472E59438DEEF047951FAC88'","@COMMON_NAME":"010913 - UA TRÊS COROAS","link":{"@href":"http://usd.des.sicredi.net:8050/caisd-rest/ca_cmpny/U'4BDBCAEB472E59438DEEF047951FAC88'","@rel":"self"}}}} 
[2021-06-22 18:03:02] [INFO   ] {"collection_ca_cmpny":{"@COUNT":1,"@START":1,"@TOTAL_COUNT":1,"ca_cmpny":{"@id":"U'8999E83BEC306D439BE0B1D8C2263F06'","@REL_ATTR":"U'8999E83BEC306D439BE0B1D8C2263F06'","@COMMON_NAME":"010914 - UA CAPÃO DA CANOA","link":{"@href":"http://usd.des.sicredi.net:8050/caisd-rest/ca_cmpny/U'8999E83BEC306D439BE0B1D8C2263F06'","@rel":"self"}}}} 
[2021-06-22 18:03:03] [INFO   ] {"collection_ca_cmpny":{"@COUNT":1,"@START":1,"@TOTAL_COUNT":1,"ca_cmpny":{"@id":"U'A432A2A73E99BB40BEB9B559469557CD'","@REL_ATTR":"U'A432A2A73E99BB40BEB9B559469557CD'","@COMMON_NAME":"010915 - UA CAMPO BOM","link":{"@href":"http://usd.des.sicredi.net:8050/caisd-rest/ca_cmpny/U'A432A2A73E99BB40BEB9B559469557CD'","@rel":"self"}}}} 
[2021-06-22 18:03:03] [INFO   ] {"collection_ca_cmpny":{"@COUNT":1,"@START":1,"@TOTAL_COUNT":1,"ca_cmpny":{"@id":"U'3D6036F6D1273745AB803B010694EE3C'","@REL_ATTR":"U'3D6036F6D1273745AB803B010694EE3C'","@COMMON_NAME":"010916 - UA TRÊS CACHOEIRAS","link":{"@href":"http://usd.des.sicredi.net:8050/caisd-rest/ca_cmpny/U'3D6036F6D1273745AB803B010694EE3C'","@rel":"self"}}}} 
[2021-06-22 18:03:03] [INFO   ] {"collection_ca_cmpny":{"@COUNT":1,"@START":1,"@TOTAL_COUNT":1,"ca_cmpny":{"@id":"U'BFC1DE9A61BC5240B35D463D33A9506D'","@REL_ATTR":"U'BFC1DE9A61BC5240B35D463D33A9506D'","@COMMON_NAME":"010917 - UA IGREJINHA","link":{"@href":"http://usd.des.sicredi.net:8050/caisd-rest/ca_cmpny/U'BFC1DE9A61BC5240B35D463D33A9506D'","@rel":"self"}}}} 
[2021-06-22 18:03:03] [INFO   ] {"collection_ca_cmpny":{"@COUNT":1,"@START":1,"@TOTAL_COUNT":1,"ca_cmpny":{"@id":"U'20B81FA8480D3E4D81D48EA35D558F53'","@REL_ATTR":"U'20B81FA8480D3E4D81D48EA35D558F53'","@COMMON_NAME":"010918 - UA DE CAPIVARI DO SUL","link":{"@href":"http://usd.des.sicredi.net:8050/caisd-rest/ca_cmpny/U'20B81FA8480D3E4D81D48EA35D558F53'","@rel":"self"}}}} 
[2021-06-22 18:03:03] [INFO   ] {"collection_ca_cmpny":{"@COUNT":1,"@START":1,"@TOTAL_COUNT":1,"ca_cmpny":{"@id":"U'8ED016DE7ED8634AB3E4B82DDD8DF8B5'","@REL_ATTR":"U'8ED016DE7ED8634AB3E4B82DDD8DF8B5'","@COMMON_NAME":"010919 - UA SAPIRANGA","link":{"@href":"http://usd.des.sicredi.net:8050/caisd-rest/ca_cmpny/U'8ED016DE7ED8634AB3E4B82DDD8DF8B5'","@rel":"self"}}}} 
[2021-06-22 18:03:03] [INFO   ] {"collection_ca_cmpny":{"@COUNT":1,"@START":1,"@TOTAL_COUNT":1,"ca_cmpny":{"@id":"U'DB62F98468F2E64CBD830489C82C4D68'","@REL_ATTR":"U'DB62F98468F2E64CBD830489C82C4D68'","@COMMON_NAME":"010920 - UA TRAMANDAÍ","link":{"@href":"http://usd.des.sicredi.net:8050/caisd-rest/ca_cmpny/U'DB62F98468F2E64CBD830489C82C4D68'","@rel":"self"}}}} 
[2021-06-22 18:03:03] [INFO   ] {"collection_ca_cmpny":{"@COUNT":1,"@START":1,"@TOTAL_COUNT":1,"ca_cmpny":{"@id":"U'E1DEADDE0BCF69488D89A0FEEA88CED4'","@REL_ATTR":"U'E1DEADDE0BCF69488D89A0FEEA88CED4'","@COMMON_NAME":"010921 - UA SICREDI EMPRESAS","link":{"@href":"http://usd.des.sicredi.net:8050/caisd-rest/ca_cmpny/U'E1DEADDE0BCF69488D89A0FEEA88CED4'","@rel":"self"}}}} 
[2021-06-22 18:03:03] [INFO   ] {"collection_ca_cmpny":{"@COUNT":1,"@START":1,"@TOTAL_COUNT":1,"ca_cmpny":{"@id":"U'6738EB335D646940AD3BC3F88CFB7339'","@REL_ATTR":"U'6738EB335D646940AD3BC3F88CFB7339'","@COMMON_NAME":"010922 - UA MAQUINÉ","link":{"@href":"http://usd.des.sicredi.net:8050/caisd-rest/ca_cmpny/U'6738EB335D646940AD3BC3F88CFB7339'","@rel":"self"}}}} 
[2021-06-22 18:03:03] [INFO   ] {"collection_ca_cmpny":{"@COUNT":1,"@START":1,"@TOTAL_COUNT":1,"ca_cmpny":{"@id":"U'1301B6CB649F664EA4F568FB4617668C'","@REL_ATTR":"U'1301B6CB649F664EA4F568FB4617668C'","@COMMON_NAME":"010923 - UA ARROIO DO SAL","link":{"@href":"http://usd.des.sicredi.net:8050/caisd-rest/ca_cmpny/U'1301B6CB649F664EA4F568FB4617668C'","@rel":"self"}}}} 
[2021-06-22 18:03:03] [INFO   ] {"collection_ca_cmpny":{"@COUNT":0,"@START":0,"@TOTAL_COUNT":0}} 
[2021-06-22 18:03:03] [INFO   ] {"collection_ca_cmpny":{"@COUNT":1,"@START":1,"@TOTAL_COUNT":1,"ca_cmpny":{"@id":"U'ED150324259CA3489BFDF165C2EBBBEE'","@REL_ATTR":"U'ED150324259CA3489BFDF165C2EBBBEE'","@COMMON_NAME":"0109 - SICREDI NORDESTE RS","link":{"@href":"http://usd.des.sicredi.net:8050/caisd-rest/ca_cmpny/U'ED150324259CA3489BFDF165C2EBBBEE'","@rel":"self"}}}} 
[2021-06-22 18:03:04] [INFO   ] O atributo necessário delete flag está ausente no objeto Empresa 
[2021-06-22 18:03:04] [INFO   ] {"collection_ca_cmpny":{"@COUNT":0,"@START":0,"@TOTAL_COUNT":0}} 
[2021-06-22 18:03:04] [INFO   ] {"collection_ca_cmpny":{"@COUNT":1,"@START":1,"@TOTAL_COUNT":1,"ca_cmpny":{"@id":"U'ED150324259CA3489BFDF165C2EBBBEE'","@REL_ATTR":"U'ED150324259CA3489BFDF165C2EBBBEE'","@COMMON_NAME":"0109 - SICREDI NORDESTE RS","link":{"@href":"http://usd.des.sicredi.net:8050/caisd-rest/ca_cmpny/U'ED150324259CA3489BFDF165C2EBBBEE'","@rel":"self"}}}} 
[2021-06-22 18:03:04] [INFO   ] O atributo necessário delete flag está ausente no objeto Empresa 
[2021-06-22 18:03:04] [INFO   ] {"collection_ca_cmpny":{"@COUNT":0,"@START":0,"@TOTAL_COUNT":0}} 
[2021-06-22 18:03:04] [INFO   ] {"collection_ca_cmpny":{"@COUNT":1,"@START":1,"@TOTAL_COUNT":1,"ca_cmpny":{"@id":"U'ED150324259CA3489BFDF165C2EBBBEE'","@REL_ATTR":"U'ED150324259CA3489BFDF165C2EBBBEE'","@COMMON_NAME":"0109 - SICREDI NORDESTE RS","link":{"@href":"http://usd.des.sicredi.net:8050/caisd-rest/ca_cmpny/U'ED150324259CA3489BFDF165C2EBBBEE'","@rel":"self"}}}} 
[2021-06-22 18:03:04] [INFO   ] O atributo necessário delete flag está ausente no objeto Empresa 
[2021-06-22 18:03:04] [INFO   ] {"collection_ca_cmpny":{"@COUNT":0,"@START":0,"@TOTAL_COUNT":0}} 
[2021-06-22 18:03:04] [INFO   ] {"collection_ca_cmpny":{"@COUNT":1,"@START":1,"@TOTAL_COUNT":1,"ca_cmpny":{"@id":"U'ED150324259CA3489BFDF165C2EBBBEE'","@REL_ATTR":"U'ED150324259CA3489BFDF165C2EBBBEE'","@COMMON_NAME":"0109 - SICREDI NORDESTE RS","link":{"@href":"http://usd.des.sicredi.net:8050/caisd-rest/ca_cmpny/U'ED150324259CA3489BFDF165C2EBBBEE'","@rel":"self"}}}} 
[2021-06-22 18:03:04] [INFO   ] O atributo necessário delete flag está ausente no objeto Empresa 
[2021-06-22 18:03:05] [INFO   ] {"collection_ca_cmpny":{"@COUNT":1,"@START":1,"@TOTAL_COUNT":1,"ca_cmpny":{"@id":"U'EA1FD4E6862025409F11E277369E5C49'","@REL_ATTR":"U'EA1FD4E6862025409F11E277369E5C49'","@COMMON_NAME":"011629 - UA MENINO DEUS","link":{"@href":"http://usd.des.sicredi.net:8050/caisd-rest/ca_cmpny/U'EA1FD4E6862025409F11E277369E5C49'","@rel":"self"}}}} 
[2021-06-22 18:03:05] [INFO   ] {"collection_ca_cmpny":{"@COUNT":0,"@START":0,"@TOTAL_COUNT":0}} 
[2021-06-22 18:03:05] [INFO   ] {"collection_ca_cmpny":{"@COUNT":1,"@START":1,"@TOTAL_COUNT":1,"ca_cmpny":{"@id":"U'7FE587B0EF3DE14B84A1F45B2787BE3F'","@REL_ATTR":"U'7FE587B0EF3DE14B84A1F45B2787BE3F'","@COMMON_NAME":"0116 - SICREDI UNIÃO METROPOLITANA RS","link":{"@href":"http://usd.des.sicredi.net:8050/caisd-rest/ca_cmpny/U'7FE587B0EF3DE14B84A1F45B2787BE3F'","@rel":"self"}}}} 
[2021-06-22 18:03:05] [INFO   ] O atributo necessário delete flag está ausente no objeto Empresa 
[2021-06-22 18:03:05] [INFO   ] {"collection_ca_cmpny":{"@COUNT":1,"@START":1,"@TOTAL_COUNT":1,"ca_cmpny":{"@id":"U'7862A43D65FF544D87A695E415AD0F36'","@REL_ATTR":"U'7862A43D65FF544D87A695E415AD0F36'","@COMMON_NAME":"011920 - UA IMIGRANTE","link":{"@href":"http://usd.des.sicredi.net:8050/caisd-rest/ca_cmpny/U'7862A43D65FF544D87A695E415AD0F36'","@rel":"self"}}}} 
[2021-06-22 18:03:05] [INFO   ] {"collection_ca_cmpny":{"@COUNT":1,"@START":1,"@TOTAL_COUNT":1,"ca_cmpny":{"@id":"U'AA6C4857E4DD654F82F2C58B970C180F'","@REL_ATTR":"U'AA6C4857E4DD654F82F2C58B970C180F'","@COMMON_NAME":"011921 - UA SÃO JOSÉ DO SUL","link":{"@href":"http://usd.des.sicredi.net:8050/caisd-rest/ca_cmpny/U'AA6C4857E4DD654F82F2C58B970C180F'","@rel":"self"}}}} 
[2021-06-22 18:03:05] [INFO   ] {"collection_ca_cmpny":{"@COUNT":1,"@START":1,"@TOTAL_COUNT":1,"ca_cmpny":{"@id":"U'C436C6008159BD4EA0E7993F03BA34E8'","@REL_ATTR":"U'C436C6008159BD4EA0E7993F03BA34E8'","@COMMON_NAME":"013625 - UA SÃO VALENTIN DO SUL","link":{"@href":"http://usd.des.sicredi.net:8050/caisd-rest/ca_cmpny/U'C436C6008159BD4EA0E7993F03BA34E8'","@rel":"self"}}}} 
[2021-06-22 18:03:05] [INFO   ] {"collection_ca_cmpny":{"@COUNT":1,"@START":1,"@TOTAL_COUNT":1,"ca_cmpny":{"@id":"U'ADC0750146226C4C87DD7E9FD40CFA76'","@REL_ATTR":"U'ADC0750146226C4C87DD7E9FD40CFA76'","@COMMON_NAME":"013685 - UA UNIÃO DA SERRA","link":{"@href":"http://usd.des.sicredi.net:8050/caisd-rest/ca_cmpny/U'ADC0750146226C4C87DD7E9FD40CFA76'","@rel":"self"}}}} 
[2021-06-22 18:03:05] [INFO   ] {"collection_ca_cmpny":{"@COUNT":0,"@START":0,"@TOTAL_COUNT":0}} 
[2021-06-22 18:03:05] [INFO   ] {"collection_ca_cmpny":{"@COUNT":1,"@START":1,"@TOTAL_COUNT":1,"ca_cmpny":{"@id":"U'F1848857904C1844998E0F70C51C397B'","@REL_ATTR":"U'F1848857904C1844998E0F70C51C397B'","@COMMON_NAME":"0167 - SICREDI SERRANA RS","link":{"@href":"http://usd.des.sicredi.net:8050/caisd-rest/ca_cmpny/U'F1848857904C1844998E0F70C51C397B'","@rel":"self"}}}} 
[2021-06-22 18:03:05] [INFO   ] O atributo necessário delete flag está ausente no objeto Empresa 
[2021-06-22 18:03:06] [INFO   ] {"collection_ca_cmpny":{"@COUNT":0,"@START":0,"@TOTAL_COUNT":0}} 
[2021-06-22 18:03:06] [INFO   ] {"collection_ca_cmpny":{"@COUNT":1,"@START":1,"@TOTAL_COUNT":1,"ca_cmpny":{"@id":"U'F1848857904C1844998E0F70C51C397B'","@REL_ATTR":"U'F1848857904C1844998E0F70C51C397B'","@COMMON_NAME":"0167 - SICREDI SERRANA RS","link":{"@href":"http://usd.des.sicredi.net:8050/caisd-rest/ca_cmpny/U'F1848857904C1844998E0F70C51C397B'","@rel":"self"}}}} 
[2021-06-22 18:03:06] [INFO   ] O atributo necessário delete flag está ausente no objeto Empresa 
[2021-06-22 18:03:06] [INFO   ] {"collection_ca_cmpny":{"@COUNT":1,"@START":1,"@TOTAL_COUNT":1,"ca_cmpny":{"@id":"U'82C938B557C5C6429300EB553B078CEA'","@REL_ATTR":"U'82C938B557C5C6429300EB553B078CEA'","@COMMON_NAME":"017912 - UA LAJEADO - UNIVATES","link":{"@href":"http://usd.des.sicredi.net:8050/caisd-rest/ca_cmpny/U'82C938B557C5C6429300EB553B078CEA'","@rel":"self"}}}} 
[2021-06-22 18:03:06] [INFO   ] {"collection_ca_cmpny":{"@COUNT":0,"@START":0,"@TOTAL_COUNT":0}} 
[2021-06-22 18:03:06] [INFO   ] {"collection_ca_cmpny":{"@COUNT":1,"@START":1,"@TOTAL_COUNT":1,"ca_cmpny":{"@id":"U'9CB86367AD0C3F4D97826A0D8D07A0E4'","@REL_ATTR":"U'9CB86367AD0C3F4D97826A0D8D07A0E4'","@COMMON_NAME":"0179 - SICREDI INTEGRAÇÃO RS/MG","link":{"@href":"http://usd.des.sicredi.net:8050/caisd-rest/ca_cmpny/U'9CB86367AD0C3F4D97826A0D8D07A0E4'","@rel":"self"}}}} 
[2021-06-22 18:03:06] [INFO   ] O atributo necessário delete flag está ausente no objeto Empresa 
[2021-06-22 18:03:06] [INFO   ] {"collection_ca_cmpny":{"@COUNT":0,"@START":0,"@TOTAL_COUNT":0}} 
[2021-06-22 18:03:06] [INFO   ] {"collection_ca_cmpny":{"@COUNT":1,"@START":1,"@TOTAL_COUNT":1,"ca_cmpny":{"@id":"U'5C4FDD9B8931404D987F83E6C4D9D499'","@REL_ATTR":"U'5C4FDD9B8931404D987F83E6C4D9D499'","@COMMON_NAME":"0185 - SICREDI MIL RS","link":{"@href":"http://usd.des.sicredi.net:8050/caisd-rest/ca_cmpny/U'5C4FDD9B8931404D987F83E6C4D9D499'","@rel":"self"}}}} 
[2021-06-22 18:03:06] [INFO   ] O atributo necessário delete flag está ausente no objeto Empresa 
[2021-06-22 18:03:07] [INFO   ] {"collection_ca_cmpny":{"@COUNT":0,"@START":0,"@TOTAL_COUNT":0}} 
[2021-06-22 18:03:07] [INFO   ] {"collection_ca_cmpny":{"@COUNT":1,"@START":1,"@TOTAL_COUNT":1,"ca_cmpny":{"@id":"U'5C4FDD9B8931404D987F83E6C4D9D499'","@REL_ATTR":"U'5C4FDD9B8931404D987F83E6C4D9D499'","@COMMON_NAME":"0185 - SICREDI MIL RS","link":{"@href":"http://usd.des.sicredi.net:8050/caisd-rest/ca_cmpny/U'5C4FDD9B8931404D987F83E6C4D9D499'","@rel":"self"}}}} 
[2021-06-22 18:03:07] [INFO   ] O atributo necessário delete flag está ausente no objeto Empresa 
[2021-06-22 18:03:07] [INFO   ] {"collection_ca_cmpny":{"@COUNT":0,"@START":0,"@TOTAL_COUNT":0}} 
[2021-06-22 18:03:07] [INFO   ] {"collection_ca_cmpny":{"@COUNT":1,"@START":1,"@TOTAL_COUNT":1,"ca_cmpny":{"@id":"U'213FD4D4CE6FB0448768ABB315AE9315'","@REL_ATTR":"U'213FD4D4CE6FB0448768ABB315AE9315'","@COMMON_NAME":"0211 - SICREDI COOPERAÇÃO RS/SC","link":{"@href":"http://usd.des.sicredi.net:8050/caisd-rest/ca_cmpny/U'213FD4D4CE6FB0448768ABB315AE9315'","@rel":"self"}}}} 
[2021-06-22 18:03:07] [INFO   ] O atributo necessário delete flag está ausente no objeto Empresa 
[2021-06-22 18:03:07] [INFO   ] {"collection_ca_cmpny":{"@COUNT":1,"@START":1,"@TOTAL_COUNT":1,"ca_cmpny":{"@id":"U'CF5993D46A07674BB03E7A03D6D8F63A'","@REL_ATTR":"U'CF5993D46A07674BB03E7A03D6D8F63A'","@COMMON_NAME":"021720 - UA ERECHIM ST DAL BOSCO","link":{"@href":"http://usd.des.sicredi.net:8050/caisd-rest/ca_cmpny/U'CF5993D46A07674BB03E7A03D6D8F63A'","@rel":"self"}}}} 
[2021-06-22 18:11:18] [INFO   ] {"collection_ca_cmpny":{"@COUNT":1,"@START":1,"@TOTAL_COUNT":1,"ca_cmpny":{"@id":"U'CA4CA85C0A55954FA94C878B5504DABC'","@REL_ATTR":"U'CA4CA85C0A55954FA94C878B5504DABC'","@COMMON_NAME":"010126 - UA ANA RECH/CAXIAS DO SUL","link":{"@href":"http://usd.des.sicredi.net:8050/caisd-rest/ca_cmpny/U'CA4CA85C0A55954FA94C878B5504DABC'","@rel":"self"}}}} 
[2021-06-22 18:11:18] [INFO   ] {"collection_ca_cmpny":{"@COUNT":1,"@START":1,"@TOTAL_COUNT":1,"ca_cmpny":{"@id":"U'871E00355B097B4FBC288FF1BE0232E3'","@REL_ATTR":"U'871E00355B097B4FBC288FF1BE0232E3'","@COMMON_NAME":"010902 - UA SANTO ANTÔNIO PATRULHA","link":{"@href":"http://usd.des.sicredi.net:8050/caisd-rest/ca_cmpny/U'871E00355B097B4FBC288FF1BE0232E3'","@rel":"self"}}}} 
[2021-06-22 18:11:18] [INFO   ] {"collection_ca_cmpny":{"@COUNT":1,"@START":1,"@TOTAL_COUNT":1,"ca_cmpny":{"@id":"U'2A096B057F7EE6429E531DE10FEA7073'","@REL_ATTR":"U'2A096B057F7EE6429E531DE10FEA7073'","@COMMON_NAME":"010903 - UA TAQUARA","link":{"@href":"http://usd.des.sicredi.net:8050/caisd-rest/ca_cmpny/U'2A096B057F7EE6429E531DE10FEA7073'","@rel":"self"}}}} 
[2021-06-22 18:11:18] [INFO   ] {"collection_ca_cmpny":{"@COUNT":1,"@START":1,"@TOTAL_COUNT":1,"ca_cmpny":{"@id":"U'30C5834B580F834888FDB9880CC897B1'","@REL_ATTR":"U'30C5834B580F834888FDB9880CC897B1'","@COMMON_NAME":"010904 - UA RIOZINHO","link":{"@href":"http://usd.des.sicredi.net:8050/caisd-rest/ca_cmpny/U'30C5834B580F834888FDB9880CC897B1'","@rel":"self"}}}} 
[2021-06-22 18:11:18] [INFO   ] {"collection_ca_cmpny":{"@COUNT":1,"@START":1,"@TOTAL_COUNT":1,"ca_cmpny":{"@id":"U'B3D9900CDA6326469EACC9B1980B2F84'","@REL_ATTR":"U'B3D9900CDA6326469EACC9B1980B2F84'","@COMMON_NAME":"010905 - UA OSÓRIO","link":{"@href":"http://usd.des.sicredi.net:8050/caisd-rest/ca_cmpny/U'B3D9900CDA6326469EACC9B1980B2F84'","@rel":"self"}}}} 
[2021-06-22 18:11:18] [INFO   ] {"collection_ca_cmpny":{"@COUNT":1,"@START":1,"@TOTAL_COUNT":1,"ca_cmpny":{"@id":"U'9C9C7BB04A36FA468A764A154C8E209F'","@REL_ATTR":"U'9C9C7BB04A36FA468A764A154C8E209F'","@COMMON_NAME":"010907 - UA TERRA DE AREIA","link":{"@href":"http://usd.des.sicredi.net:8050/caisd-rest/ca_cmpny/U'9C9C7BB04A36FA468A764A154C8E209F'","@rel":"self"}}}} 
[2021-06-22 18:11:18] [INFO   ] {"collection_ca_cmpny":{"@COUNT":1,"@START":1,"@TOTAL_COUNT":1,"ca_cmpny":{"@id":"U'C30B6151D33CEC4FA97B588D92DA2F35'","@REL_ATTR":"U'C30B6151D33CEC4FA97B588D92DA2F35'","@COMMON_NAME":"010908 - UA NOVA HARTZ","link":{"@href":"http://usd.des.sicredi.net:8050/caisd-rest/ca_cmpny/U'C30B6151D33CEC4FA97B588D92DA2F35'","@rel":"self"}}}} 
[2021-06-22 18:11:18] [INFO   ] {"collection_ca_cmpny":{"@COUNT":1,"@START":1,"@TOTAL_COUNT":1,"ca_cmpny":{"@id":"U'4FA3D9170FED8A46A6060E66C7C9D1BF'","@REL_ATTR":"U'4FA3D9170FED8A46A6060E66C7C9D1BF'","@COMMON_NAME":"010909 - UA ITATI","link":{"@href":"http://usd.des.sicredi.net:8050/caisd-rest/ca_cmpny/U'4FA3D9170FED8A46A6060E66C7C9D1BF'","@rel":"self"}}}} 
[2021-06-22 18:11:18] [INFO   ] {"collection_ca_cmpny":{"@COUNT":1,"@START":1,"@TOTAL_COUNT":1,"ca_cmpny":{"@id":"U'0515B2C4D7CABE49AE76D20BAF06CCD1'","@REL_ATTR":"U'0515B2C4D7CABE49AE76D20BAF06CCD1'","@COMMON_NAME":"010910 - UA ROLANTE","link":{"@href":"http://usd.des.sicredi.net:8050/caisd-rest/ca_cmpny/U'0515B2C4D7CABE49AE76D20BAF06CCD1'","@rel":"self"}}}} 
[2021-06-22 18:11:19] [INFO   ] {"collection_ca_cmpny":{"@COUNT":1,"@START":1,"@TOTAL_COUNT":1,"ca_cmpny":{"@id":"U'37F49A3486F0694295F0513B1DCD2C7B'","@REL_ATTR":"U'37F49A3486F0694295F0513B1DCD2C7B'","@COMMON_NAME":"010911 - UA PALMARES DO SUL","link":{"@href":"http://usd.des.sicredi.net:8050/caisd-rest/ca_cmpny/U'37F49A3486F0694295F0513B1DCD2C7B'","@rel":"self"}}}} 
[2021-06-22 18:11:19] [INFO   ] {"collection_ca_cmpny":{"@COUNT":1,"@START":1,"@TOTAL_COUNT":1,"ca_cmpny":{"@id":"U'2177BBA9E8B0524A94A4400C6138DB19'","@REL_ATTR":"U'2177BBA9E8B0524A94A4400C6138DB19'","@COMMON_NAME":"010912 - UA TORRES","link":{"@href":"http://usd.des.sicredi.net:8050/caisd-rest/ca_cmpny/U'2177BBA9E8B0524A94A4400C6138DB19'","@rel":"self"}}}} 
[2021-06-22 18:11:19] [INFO   ] {"collection_ca_cmpny":{"@COUNT":1,"@START":1,"@TOTAL_COUNT":1,"ca_cmpny":{"@id":"U'4BDBCAEB472E59438DEEF047951FAC88'","@REL_ATTR":"U'4BDBCAEB472E59438DEEF047951FAC88'","@COMMON_NAME":"010913 - UA TRÊS COROAS","link":{"@href":"http://usd.des.sicredi.net:8050/caisd-rest/ca_cmpny/U'4BDBCAEB472E59438DEEF047951FAC88'","@rel":"self"}}}} 
[2021-06-22 18:11:19] [INFO   ] {"collection_ca_cmpny":{"@COUNT":1,"@START":1,"@TOTAL_COUNT":1,"ca_cmpny":{"@id":"U'8999E83BEC306D439BE0B1D8C2263F06'","@REL_ATTR":"U'8999E83BEC306D439BE0B1D8C2263F06'","@COMMON_NAME":"010914 - UA CAPÃO DA CANOA","link":{"@href":"http://usd.des.sicredi.net:8050/caisd-rest/ca_cmpny/U'8999E83BEC306D439BE0B1D8C2263F06'","@rel":"self"}}}} 
[2021-06-22 18:11:19] [INFO   ] {"collection_ca_cmpny":{"@COUNT":1,"@START":1,"@TOTAL_COUNT":1,"ca_cmpny":{"@id":"U'A432A2A73E99BB40BEB9B559469557CD'","@REL_ATTR":"U'A432A2A73E99BB40BEB9B559469557CD'","@COMMON_NAME":"010915 - UA CAMPO BOM","link":{"@href":"http://usd.des.sicredi.net:8050/caisd-rest/ca_cmpny/U'A432A2A73E99BB40BEB9B559469557CD'","@rel":"self"}}}} 
[2021-06-22 18:11:19] [INFO   ] {"collection_ca_cmpny":{"@COUNT":1,"@START":1,"@TOTAL_COUNT":1,"ca_cmpny":{"@id":"U'3D6036F6D1273745AB803B010694EE3C'","@REL_ATTR":"U'3D6036F6D1273745AB803B010694EE3C'","@COMMON_NAME":"010916 - UA TRÊS CACHOEIRAS","link":{"@href":"http://usd.des.sicredi.net:8050/caisd-rest/ca_cmpny/U'3D6036F6D1273745AB803B010694EE3C'","@rel":"self"}}}} 
[2021-06-22 18:11:19] [INFO   ] {"collection_ca_cmpny":{"@COUNT":1,"@START":1,"@TOTAL_COUNT":1,"ca_cmpny":{"@id":"U'BFC1DE9A61BC5240B35D463D33A9506D'","@REL_ATTR":"U'BFC1DE9A61BC5240B35D463D33A9506D'","@COMMON_NAME":"010917 - UA IGREJINHA","link":{"@href":"http://usd.des.sicredi.net:8050/caisd-rest/ca_cmpny/U'BFC1DE9A61BC5240B35D463D33A9506D'","@rel":"self"}}}} 
[2021-06-22 18:11:19] [INFO   ] {"collection_ca_cmpny":{"@COUNT":1,"@START":1,"@TOTAL_COUNT":1,"ca_cmpny":{"@id":"U'20B81FA8480D3E4D81D48EA35D558F53'","@REL_ATTR":"U'20B81FA8480D3E4D81D48EA35D558F53'","@COMMON_NAME":"010918 - UA DE CAPIVARI DO SUL","link":{"@href":"http://usd.des.sicredi.net:8050/caisd-rest/ca_cmpny/U'20B81FA8480D3E4D81D48EA35D558F53'","@rel":"self"}}}} 
[2021-06-22 18:11:19] [INFO   ] {"collection_ca_cmpny":{"@COUNT":1,"@START":1,"@TOTAL_COUNT":1,"ca_cmpny":{"@id":"U'8ED016DE7ED8634AB3E4B82DDD8DF8B5'","@REL_ATTR":"U'8ED016DE7ED8634AB3E4B82DDD8DF8B5'","@COMMON_NAME":"010919 - UA SAPIRANGA","link":{"@href":"http://usd.des.sicredi.net:8050/caisd-rest/ca_cmpny/U'8ED016DE7ED8634AB3E4B82DDD8DF8B5'","@rel":"self"}}}} 
[2021-06-22 18:11:19] [INFO   ] {"collection_ca_cmpny":{"@COUNT":1,"@START":1,"@TOTAL_COUNT":1,"ca_cmpny":{"@id":"U'DB62F98468F2E64CBD830489C82C4D68'","@REL_ATTR":"U'DB62F98468F2E64CBD830489C82C4D68'","@COMMON_NAME":"010920 - UA TRAMANDAÍ","link":{"@href":"http://usd.des.sicredi.net:8050/caisd-rest/ca_cmpny/U'DB62F98468F2E64CBD830489C82C4D68'","@rel":"self"}}}} 
[2021-06-22 18:11:19] [INFO   ] {"collection_ca_cmpny":{"@COUNT":1,"@START":1,"@TOTAL_COUNT":1,"ca_cmpny":{"@id":"U'E1DEADDE0BCF69488D89A0FEEA88CED4'","@REL_ATTR":"U'E1DEADDE0BCF69488D89A0FEEA88CED4'","@COMMON_NAME":"010921 - UA SICREDI EMPRESAS","link":{"@href":"http://usd.des.sicredi.net:8050/caisd-rest/ca_cmpny/U'E1DEADDE0BCF69488D89A0FEEA88CED4'","@rel":"self"}}}} 
[2021-06-22 18:11:20] [INFO   ] {"collection_ca_cmpny":{"@COUNT":1,"@START":1,"@TOTAL_COUNT":1,"ca_cmpny":{"@id":"U'6738EB335D646940AD3BC3F88CFB7339'","@REL_ATTR":"U'6738EB335D646940AD3BC3F88CFB7339'","@COMMON_NAME":"010922 - UA MAQUINÉ","link":{"@href":"http://usd.des.sicredi.net:8050/caisd-rest/ca_cmpny/U'6738EB335D646940AD3BC3F88CFB7339'","@rel":"self"}}}} 
[2021-06-22 18:11:20] [INFO   ] {"collection_ca_cmpny":{"@COUNT":1,"@START":1,"@TOTAL_COUNT":1,"ca_cmpny":{"@id":"U'1301B6CB649F664EA4F568FB4617668C'","@REL_ATTR":"U'1301B6CB649F664EA4F568FB4617668C'","@COMMON_NAME":"010923 - UA ARROIO DO SAL","link":{"@href":"http://usd.des.sicredi.net:8050/caisd-rest/ca_cmpny/U'1301B6CB649F664EA4F568FB4617668C'","@rel":"self"}}}} 
[2021-06-22 18:11:20] [INFO   ] {"collection_ca_cmpny":{"@COUNT":0,"@START":0,"@TOTAL_COUNT":0}} 
[2021-06-22 18:11:20] [INFO   ] {"collection_ca_cmpny":{"@COUNT":1,"@START":1,"@TOTAL_COUNT":1,"ca_cmpny":{"@id":"U'ED150324259CA3489BFDF165C2EBBBEE'","@REL_ATTR":"U'ED150324259CA3489BFDF165C2EBBBEE'","@COMMON_NAME":"0109 - SICREDI NORDESTE RS","link":{"@href":"http://usd.des.sicredi.net:8050/caisd-rest/ca_cmpny/U'ED150324259CA3489BFDF165C2EBBBEE'","@rel":"self"}}}} 
[2021-06-22 18:11:21] [INFO   ] {"ca_cmpny":{"@id":"U'826176FD8509804895E3A380973E2951'","@REL_ATTR":"U'826176FD8509804895E3A380973E2951'","@COMMON_NAME":"010924 - UA BALNEÁRIO PINHAL","link":{"@href":"http://usd.des.sicredi.net:8050/caisd-rest/ca_cmpny/U'826176FD8509804895E3A380973E2951'","@rel":"self"}}} 
[2021-06-22 18:11:21] [INFO   ] {"collection_ca_cmpny":{"@COUNT":0,"@START":0,"@TOTAL_COUNT":0}} 
[2021-06-22 18:11:21] [INFO   ] {"collection_ca_cmpny":{"@COUNT":1,"@START":1,"@TOTAL_COUNT":1,"ca_cmpny":{"@id":"U'ED150324259CA3489BFDF165C2EBBBEE'","@REL_ATTR":"U'ED150324259CA3489BFDF165C2EBBBEE'","@COMMON_NAME":"0109 - SICREDI NORDESTE RS","link":{"@href":"http://usd.des.sicredi.net:8050/caisd-rest/ca_cmpny/U'ED150324259CA3489BFDF165C2EBBBEE'","@rel":"self"}}}} 
[2021-06-22 18:11:21] [INFO   ] {"ca_cmpny":{"@id":"U'8DA8E14D30249B4C9AC7D3220C88CF64'","@REL_ATTR":"U'8DA8E14D30249B4C9AC7D3220C88CF64'","@COMMON_NAME":"010925 - UA XANGRILÁ","link":{"@href":"http://usd.des.sicredi.net:8050/caisd-rest/ca_cmpny/U'8DA8E14D30249B4C9AC7D3220C88CF64'","@rel":"self"}}} 
[2021-06-22 18:11:21] [INFO   ] {"collection_ca_cmpny":{"@COUNT":0,"@START":0,"@TOTAL_COUNT":0}} 
[2021-06-22 18:11:21] [INFO   ] {"collection_ca_cmpny":{"@COUNT":1,"@START":1,"@TOTAL_COUNT":1,"ca_cmpny":{"@id":"U'ED150324259CA3489BFDF165C2EBBBEE'","@REL_ATTR":"U'ED150324259CA3489BFDF165C2EBBBEE'","@COMMON_NAME":"0109 - SICREDI NORDESTE RS","link":{"@href":"http://usd.des.sicredi.net:8050/caisd-rest/ca_cmpny/U'ED150324259CA3489BFDF165C2EBBBEE'","@rel":"self"}}}} 
[2021-06-22 18:11:22] [INFO   ] {"ca_cmpny":{"@id":"U'9E459138CF57F8428CE2433D1AAC8252'","@REL_ATTR":"U'9E459138CF57F8428CE2433D1AAC8252'","@COMMON_NAME":"010926 - UA IMBÉ","link":{"@href":"http://usd.des.sicredi.net:8050/caisd-rest/ca_cmpny/U'9E459138CF57F8428CE2433D1AAC8252'","@rel":"self"}}} 
[2021-06-22 18:11:22] [INFO   ] {"collection_ca_cmpny":{"@COUNT":0,"@START":0,"@TOTAL_COUNT":0}} 
[2021-06-22 18:11:22] [INFO   ] {"collection_ca_cmpny":{"@COUNT":1,"@START":1,"@TOTAL_COUNT":1,"ca_cmpny":{"@id":"U'ED150324259CA3489BFDF165C2EBBBEE'","@REL_ATTR":"U'ED150324259CA3489BFDF165C2EBBBEE'","@COMMON_NAME":"0109 - SICREDI NORDESTE RS","link":{"@href":"http://usd.des.sicredi.net:8050/caisd-rest/ca_cmpny/U'ED150324259CA3489BFDF165C2EBBBEE'","@rel":"self"}}}} 
[2021-06-22 18:11:22] [INFO   ] {"ca_cmpny":{"@id":"U'F406664439FC104CAF09BCC4B80CBEA5'","@REL_ATTR":"U'F406664439FC104CAF09BCC4B80CBEA5'","@COMMON_NAME":"010927 - UA SAPIRANGA - SÃO LUIZ","link":{"@href":"http://usd.des.sicredi.net:8050/caisd-rest/ca_cmpny/U'F406664439FC104CAF09BCC4B80CBEA5'","@rel":"self"}}} 
[2021-06-22 18:11:22] [INFO   ] {"collection_ca_cmpny":{"@COUNT":1,"@START":1,"@TOTAL_COUNT":1,"ca_cmpny":{"@id":"U'EA1FD4E6862025409F11E277369E5C49'","@REL_ATTR":"U'EA1FD4E6862025409F11E277369E5C49'","@COMMON_NAME":"011629 - UA MENINO DEUS","link":{"@href":"http://usd.des.sicredi.net:8050/caisd-rest/ca_cmpny/U'EA1FD4E6862025409F11E277369E5C49'","@rel":"self"}}}} 
[2021-06-22 18:11:22] [INFO   ] {"collection_ca_cmpny":{"@COUNT":0,"@START":0,"@TOTAL_COUNT":0}} 
[2021-06-22 18:11:22] [INFO   ] {"collection_ca_cmpny":{"@COUNT":1,"@START":1,"@TOTAL_COUNT":1,"ca_cmpny":{"@id":"U'7FE587B0EF3DE14B84A1F45B2787BE3F'","@REL_ATTR":"U'7FE587B0EF3DE14B84A1F45B2787BE3F'","@COMMON_NAME":"0116 - SICREDI UNIÃO METROPOLITANA RS","link":{"@href":"http://usd.des.sicredi.net:8050/caisd-rest/ca_cmpny/U'7FE587B0EF3DE14B84A1F45B2787BE3F'","@rel":"self"}}}} 
[2021-06-22 18:11:22] [INFO   ] {"ca_cmpny":{"@id":"U'24820D89154A1F4CA2DD16274A5458BF'","@REL_ATTR":"U'24820D89154A1F4CA2DD16274A5458BF'","@COMMON_NAME":"011631 - UA CANOAS NITERÓI","link":{"@href":"http://usd.des.sicredi.net:8050/caisd-rest/ca_cmpny/U'24820D89154A1F4CA2DD16274A5458BF'","@rel":"self"}}} 
[2021-06-22 18:11:22] [INFO   ] {"collection_ca_cmpny":{"@COUNT":1,"@START":1,"@TOTAL_COUNT":1,"ca_cmpny":{"@id":"U'7862A43D65FF544D87A695E415AD0F36'","@REL_ATTR":"U'7862A43D65FF544D87A695E415AD0F36'","@COMMON_NAME":"011920 - UA IMIGRANTE","link":{"@href":"http://usd.des.sicredi.net:8050/caisd-rest/ca_cmpny/U'7862A43D65FF544D87A695E415AD0F36'","@rel":"self"}}}} 
[2021-06-22 18:11:22] [INFO   ] {"collection_ca_cmpny":{"@COUNT":1,"@START":1,"@TOTAL_COUNT":1,"ca_cmpny":{"@id":"U'AA6C4857E4DD654F82F2C58B970C180F'","@REL_ATTR":"U'AA6C4857E4DD654F82F2C58B970C180F'","@COMMON_NAME":"011921 - UA SÃO JOSÉ DO SUL","link":{"@href":"http://usd.des.sicredi.net:8050/caisd-rest/ca_cmpny/U'AA6C4857E4DD654F82F2C58B970C180F'","@rel":"self"}}}} 
[2021-06-22 18:11:22] [INFO   ] {"collection_ca_cmpny":{"@COUNT":1,"@START":1,"@TOTAL_COUNT":1,"ca_cmpny":{"@id":"U'C436C6008159BD4EA0E7993F03BA34E8'","@REL_ATTR":"U'C436C6008159BD4EA0E7993F03BA34E8'","@COMMON_NAME":"013625 - UA SÃO VALENTIN DO SUL","link":{"@href":"http://usd.des.sicredi.net:8050/caisd-rest/ca_cmpny/U'C436C6008159BD4EA0E7993F03BA34E8'","@rel":"self"}}}} 
[2021-06-22 18:11:23] [INFO   ] {"collection_ca_cmpny":{"@COUNT":1,"@START":1,"@TOTAL_COUNT":1,"ca_cmpny":{"@id":"U'ADC0750146226C4C87DD7E9FD40CFA76'","@REL_ATTR":"U'ADC0750146226C4C87DD7E9FD40CFA76'","@COMMON_NAME":"013685 - UA UNIÃO DA SERRA","link":{"@href":"http://usd.des.sicredi.net:8050/caisd-rest/ca_cmpny/U'ADC0750146226C4C87DD7E9FD40CFA76'","@rel":"self"}}}} 
[2021-06-22 18:11:23] [INFO   ] {"collection_ca_cmpny":{"@COUNT":0,"@START":0,"@TOTAL_COUNT":0}} 
[2021-06-22 18:11:23] [INFO   ] {"collection_ca_cmpny":{"@COUNT":1,"@START":1,"@TOTAL_COUNT":1,"ca_cmpny":{"@id":"U'F1848857904C1844998E0F70C51C397B'","@REL_ATTR":"U'F1848857904C1844998E0F70C51C397B'","@COMMON_NAME":"0167 - SICREDI SERRANA RS","link":{"@href":"http://usd.des.sicredi.net:8050/caisd-rest/ca_cmpny/U'F1848857904C1844998E0F70C51C397B'","@rel":"self"}}}} 
[2021-06-22 18:11:23] [INFO   ] {"ca_cmpny":{"@id":"U'DA5D7AB86ECED24394C37E60FCD9D706'","@REL_ATTR":"U'DA5D7AB86ECED24394C37E60FCD9D706'","@COMMON_NAME":"016750 - UA VILA VELHA","link":{"@href":"http://usd.des.sicredi.net:8050/caisd-rest/ca_cmpny/U'DA5D7AB86ECED24394C37E60FCD9D706'","@rel":"self"}}} 
[2021-06-22 18:11:23] [INFO   ] {"collection_ca_cmpny":{"@COUNT":0,"@START":0,"@TOTAL_COUNT":0}} 
[2021-06-22 18:11:23] [INFO   ] {"collection_ca_cmpny":{"@COUNT":1,"@START":1,"@TOTAL_COUNT":1,"ca_cmpny":{"@id":"U'F1848857904C1844998E0F70C51C397B'","@REL_ATTR":"U'F1848857904C1844998E0F70C51C397B'","@COMMON_NAME":"0167 - SICREDI SERRANA RS","link":{"@href":"http://usd.des.sicredi.net:8050/caisd-rest/ca_cmpny/U'F1848857904C1844998E0F70C51C397B'","@rel":"self"}}}} 
[2021-06-22 18:11:23] [INFO   ] {"ca_cmpny":{"@id":"U'0806A4302F7FE14281129F84FD626226'","@REL_ATTR":"U'0806A4302F7FE14281129F84FD626226'","@COMMON_NAME":"016751 - UA VITÓRIA - RETA DA PENHA","link":{"@href":"http://usd.des.sicredi.net:8050/caisd-rest/ca_cmpny/U'0806A4302F7FE14281129F84FD626226'","@rel":"self"}}} 
[2021-06-22 18:11:23] [INFO   ] {"collection_ca_cmpny":{"@COUNT":1,"@START":1,"@TOTAL_COUNT":1,"ca_cmpny":{"@id":"U'82C938B557C5C6429300EB553B078CEA'","@REL_ATTR":"U'82C938B557C5C6429300EB553B078CEA'","@COMMON_NAME":"017912 - UA LAJEADO - UNIVATES","link":{"@href":"http://usd.des.sicredi.net:8050/caisd-rest/ca_cmpny/U'82C938B557C5C6429300EB553B078CEA'","@rel":"self"}}}} 
[2021-06-22 18:11:23] [INFO   ] {"collection_ca_cmpny":{"@COUNT":0,"@START":0,"@TOTAL_COUNT":0}} 
[2021-06-22 18:11:23] [INFO   ] {"collection_ca_cmpny":{"@COUNT":1,"@START":1,"@TOTAL_COUNT":1,"ca_cmpny":{"@id":"U'9CB86367AD0C3F4D97826A0D8D07A0E4'","@REL_ATTR":"U'9CB86367AD0C3F4D97826A0D8D07A0E4'","@COMMON_NAME":"0179 - SICREDI INTEGRAÇÃO RS/MG","link":{"@href":"http://usd.des.sicredi.net:8050/caisd-rest/ca_cmpny/U'9CB86367AD0C3F4D97826A0D8D07A0E4'","@rel":"self"}}}} 
[2021-06-22 18:11:23] [INFO   ] {"ca_cmpny":{"@id":"U'533173EFD752184EAEE5AB5AA3AE0992'","@REL_ATTR":"U'533173EFD752184EAEE5AB5AA3AE0992'","@COMMON_NAME":"017924 - UA CONGONHAS","link":{"@href":"http://usd.des.sicredi.net:8050/caisd-rest/ca_cmpny/U'533173EFD752184EAEE5AB5AA3AE0992'","@rel":"self"}}} 
[2021-06-22 18:11:24] [INFO   ] {"collection_ca_cmpny":{"@COUNT":0,"@START":0,"@TOTAL_COUNT":0}} 
[2021-06-22 18:11:24] [INFO   ] {"collection_ca_cmpny":{"@COUNT":1,"@START":1,"@TOTAL_COUNT":1,"ca_cmpny":{"@id":"U'5C4FDD9B8931404D987F83E6C4D9D499'","@REL_ATTR":"U'5C4FDD9B8931404D987F83E6C4D9D499'","@COMMON_NAME":"0185 - SICREDI MIL RS","link":{"@href":"http://usd.des.sicredi.net:8050/caisd-rest/ca_cmpny/U'5C4FDD9B8931404D987F83E6C4D9D499'","@rel":"self"}}}} 
[2021-06-22 18:11:24] [INFO   ] {"ca_cmpny":{"@id":"U'5D61069E19807949A14AFBC85BCC2410'","@REL_ATTR":"U'5D61069E19807949A14AFBC85BCC2410'","@COMMON_NAME":"018507 - UA ESCRITÓRIO DE NEGÓCIOS DE PASSO FUNDO - RS","link":{"@href":"http://usd.des.sicredi.net:8050/caisd-rest/ca_cmpny/U'5D61069E19807949A14AFBC85BCC2410'","@rel":"self"}}} 
[2021-06-22 18:11:24] [INFO   ] {"collection_ca_cmpny":{"@COUNT":0,"@START":0,"@TOTAL_COUNT":0}} 
[2021-06-22 18:11:24] [INFO   ] {"collection_ca_cmpny":{"@COUNT":1,"@START":1,"@TOTAL_COUNT":1,"ca_cmpny":{"@id":"U'5C4FDD9B8931404D987F83E6C4D9D499'","@REL_ATTR":"U'5C4FDD9B8931404D987F83E6C4D9D499'","@COMMON_NAME":"0185 - SICREDI MIL RS","link":{"@href":"http://usd.des.sicredi.net:8050/caisd-rest/ca_cmpny/U'5C4FDD9B8931404D987F83E6C4D9D499'","@rel":"self"}}}} 
[2021-06-22 18:11:24] [INFO   ] {"ca_cmpny":{"@id":"U'4DF64A57E34C744EBCF39769B6AE468C'","@REL_ATTR":"U'4DF64A57E34C744EBCF39769B6AE468C'","@COMMON_NAME":"018508 - UA ESCRIT.DE NEGÓC. Q.C.G DA BRIGADA MILITAR (QCG) DE PORTO ALEGRE - RS","link":{"@href":"http://usd.des.sicredi.net:8050/caisd-rest/ca_cmpny/U'4DF64A57E34C744EBCF39769B6AE468C'","@rel":"self"}}} 
[2021-06-22 18:11:24] [INFO   ] {"collection_ca_cmpny":{"@COUNT":0,"@START":0,"@TOTAL_COUNT":0}} 
[2021-06-22 18:11:24] [INFO   ] {"collection_ca_cmpny":{"@COUNT":1,"@START":1,"@TOTAL_COUNT":1,"ca_cmpny":{"@id":"U'213FD4D4CE6FB0448768ABB315AE9315'","@REL_ATTR":"U'213FD4D4CE6FB0448768ABB315AE9315'","@COMMON_NAME":"0211 - SICREDI COOPERAÇÃO RS/SC","link":{"@href":"http://usd.des.sicredi.net:8050/caisd-rest/ca_cmpny/U'213FD4D4CE6FB0448768ABB315AE9315'","@rel":"self"}}}} 
[2021-06-22 18:11:24] [INFO   ] {"ca_cmpny":{"@id":"U'20F10A976FE9B349A01BC5881FCBD7FD'","@REL_ATTR":"U'20F10A976FE9B349A01BC5881FCBD7FD'","@COMMON_NAME":"021116 - UA WITMARSUM","link":{"@href":"http://usd.des.sicredi.net:8050/caisd-rest/ca_cmpny/U'20F10A976FE9B349A01BC5881FCBD7FD'","@rel":"self"}}} 
[2021-06-22 18:11:24] [INFO   ] {"collection_ca_cmpny":{"@COUNT":1,"@START":1,"@TOTAL_COUNT":1,"ca_cmpny":{"@id":"U'CF5993D46A07674BB03E7A03D6D8F63A'","@REL_ATTR":"U'CF5993D46A07674BB03E7A03D6D8F63A'","@COMMON_NAME":"021720 - UA ERECHIM ST DAL BOSCO","link":{"@href":"http://usd.des.sicredi.net:8050/caisd-rest/ca_cmpny/U'CF5993D46A07674BB03E7A03D6D8F63A'","@rel":"self"}}}} 
[2021-06-22 18:25:15] [INFO   ] {"collection_ca_cmpny":{"@COUNT":1,"@START":1,"@TOTAL_COUNT":1,"ca_cmpny":{"@id":"U'CA4CA85C0A55954FA94C878B5504DABC'","@REL_ATTR":"U'CA4CA85C0A55954FA94C878B5504DABC'","@COMMON_NAME":"010126 - UA ANA RECH/CAXIAS DO SUL","link":{"@href":"http://usd.des.sicredi.net:8050/caisd-rest/ca_cmpny/U'CA4CA85C0A55954FA94C878B5504DABC'","@rel":"self"}}}} 
[2021-06-22 18:25:15] [INFO   ] {"collection_ca_cmpny":{"@COUNT":1,"@START":1,"@TOTAL_COUNT":1,"ca_cmpny":{"@id":"U'871E00355B097B4FBC288FF1BE0232E3'","@REL_ATTR":"U'871E00355B097B4FBC288FF1BE0232E3'","@COMMON_NAME":"010902 - UA SANTO ANTÔNIO PATRULHA","link":{"@href":"http://usd.des.sicredi.net:8050/caisd-rest/ca_cmpny/U'871E00355B097B4FBC288FF1BE0232E3'","@rel":"self"}}}} 
[2021-06-22 18:25:15] [INFO   ] {"collection_ca_cmpny":{"@COUNT":1,"@START":1,"@TOTAL_COUNT":1,"ca_cmpny":{"@id":"U'2A096B057F7EE6429E531DE10FEA7073'","@REL_ATTR":"U'2A096B057F7EE6429E531DE10FEA7073'","@COMMON_NAME":"010903 - UA TAQUARA","link":{"@href":"http://usd.des.sicredi.net:8050/caisd-rest/ca_cmpny/U'2A096B057F7EE6429E531DE10FEA7073'","@rel":"self"}}}} 
[2021-06-22 18:25:15] [INFO   ] {"collection_ca_cmpny":{"@COUNT":1,"@START":1,"@TOTAL_COUNT":1,"ca_cmpny":{"@id":"U'30C5834B580F834888FDB9880CC897B1'","@REL_ATTR":"U'30C5834B580F834888FDB9880CC897B1'","@COMMON_NAME":"010904 - UA RIOZINHO","link":{"@href":"http://usd.des.sicredi.net:8050/caisd-rest/ca_cmpny/U'30C5834B580F834888FDB9880CC897B1'","@rel":"self"}}}} 
[2021-06-22 18:25:15] [INFO   ] {"collection_ca_cmpny":{"@COUNT":1,"@START":1,"@TOTAL_COUNT":1,"ca_cmpny":{"@id":"U'B3D9900CDA6326469EACC9B1980B2F84'","@REL_ATTR":"U'B3D9900CDA6326469EACC9B1980B2F84'","@COMMON_NAME":"010905 - UA OSÓRIO","link":{"@href":"http://usd.des.sicredi.net:8050/caisd-rest/ca_cmpny/U'B3D9900CDA6326469EACC9B1980B2F84'","@rel":"self"}}}} 
[2021-06-22 18:25:15] [INFO   ] {"collection_ca_cmpny":{"@COUNT":1,"@START":1,"@TOTAL_COUNT":1,"ca_cmpny":{"@id":"U'9C9C7BB04A36FA468A764A154C8E209F'","@REL_ATTR":"U'9C9C7BB04A36FA468A764A154C8E209F'","@COMMON_NAME":"010907 - UA TERRA DE AREIA","link":{"@href":"http://usd.des.sicredi.net:8050/caisd-rest/ca_cmpny/U'9C9C7BB04A36FA468A764A154C8E209F'","@rel":"self"}}}} 
[2021-06-22 18:25:15] [INFO   ] {"collection_ca_cmpny":{"@COUNT":1,"@START":1,"@TOTAL_COUNT":1,"ca_cmpny":{"@id":"U'C30B6151D33CEC4FA97B588D92DA2F35'","@REL_ATTR":"U'C30B6151D33CEC4FA97B588D92DA2F35'","@COMMON_NAME":"010908 - UA NOVA HARTZ","link":{"@href":"http://usd.des.sicredi.net:8050/caisd-rest/ca_cmpny/U'C30B6151D33CEC4FA97B588D92DA2F35'","@rel":"self"}}}} 
[2021-06-22 18:25:15] [INFO   ] {"collection_ca_cmpny":{"@COUNT":1,"@START":1,"@TOTAL_COUNT":1,"ca_cmpny":{"@id":"U'4FA3D9170FED8A46A6060E66C7C9D1BF'","@REL_ATTR":"U'4FA3D9170FED8A46A6060E66C7C9D1BF'","@COMMON_NAME":"010909 - UA ITATI","link":{"@href":"http://usd.des.sicredi.net:8050/caisd-rest/ca_cmpny/U'4FA3D9170FED8A46A6060E66C7C9D1BF'","@rel":"self"}}}} 
[2021-06-22 18:25:16] [INFO   ] {"collection_ca_cmpny":{"@COUNT":1,"@START":1,"@TOTAL_COUNT":1,"ca_cmpny":{"@id":"U'0515B2C4D7CABE49AE76D20BAF06CCD1'","@REL_ATTR":"U'0515B2C4D7CABE49AE76D20BAF06CCD1'","@COMMON_NAME":"010910 - UA ROLANTE","link":{"@href":"http://usd.des.sicredi.net:8050/caisd-rest/ca_cmpny/U'0515B2C4D7CABE49AE76D20BAF06CCD1'","@rel":"self"}}}} 
[2021-06-22 18:25:16] [INFO   ] {"collection_ca_cmpny":{"@COUNT":1,"@START":1,"@TOTAL_COUNT":1,"ca_cmpny":{"@id":"U'37F49A3486F0694295F0513B1DCD2C7B'","@REL_ATTR":"U'37F49A3486F0694295F0513B1DCD2C7B'","@COMMON_NAME":"010911 - UA PALMARES DO SUL","link":{"@href":"http://usd.des.sicredi.net:8050/caisd-rest/ca_cmpny/U'37F49A3486F0694295F0513B1DCD2C7B'","@rel":"self"}}}} 
[2021-06-22 18:25:16] [INFO   ] {"collection_ca_cmpny":{"@COUNT":1,"@START":1,"@TOTAL_COUNT":1,"ca_cmpny":{"@id":"U'2177BBA9E8B0524A94A4400C6138DB19'","@REL_ATTR":"U'2177BBA9E8B0524A94A4400C6138DB19'","@COMMON_NAME":"010912 - UA TORRES","link":{"@href":"http://usd.des.sicredi.net:8050/caisd-rest/ca_cmpny/U'2177BBA9E8B0524A94A4400C6138DB19'","@rel":"self"}}}} 
[2021-06-22 18:25:16] [INFO   ] {"collection_ca_cmpny":{"@COUNT":1,"@START":1,"@TOTAL_COUNT":1,"ca_cmpny":{"@id":"U'4BDBCAEB472E59438DEEF047951FAC88'","@REL_ATTR":"U'4BDBCAEB472E59438DEEF047951FAC88'","@COMMON_NAME":"010913 - UA TRÊS COROAS","link":{"@href":"http://usd.des.sicredi.net:8050/caisd-rest/ca_cmpny/U'4BDBCAEB472E59438DEEF047951FAC88'","@rel":"self"}}}} 
[2021-06-22 18:25:16] [INFO   ] {"collection_ca_cmpny":{"@COUNT":1,"@START":1,"@TOTAL_COUNT":1,"ca_cmpny":{"@id":"U'8999E83BEC306D439BE0B1D8C2263F06'","@REL_ATTR":"U'8999E83BEC306D439BE0B1D8C2263F06'","@COMMON_NAME":"010914 - UA CAPÃO DA CANOA","link":{"@href":"http://usd.des.sicredi.net:8050/caisd-rest/ca_cmpny/U'8999E83BEC306D439BE0B1D8C2263F06'","@rel":"self"}}}} 
[2021-06-22 18:25:16] [INFO   ] {"collection_ca_cmpny":{"@COUNT":1,"@START":1,"@TOTAL_COUNT":1,"ca_cmpny":{"@id":"U'A432A2A73E99BB40BEB9B559469557CD'","@REL_ATTR":"U'A432A2A73E99BB40BEB9B559469557CD'","@COMMON_NAME":"010915 - UA CAMPO BOM","link":{"@href":"http://usd.des.sicredi.net:8050/caisd-rest/ca_cmpny/U'A432A2A73E99BB40BEB9B559469557CD'","@rel":"self"}}}} 
[2021-06-22 18:25:16] [INFO   ] {"collection_ca_cmpny":{"@COUNT":1,"@START":1,"@TOTAL_COUNT":1,"ca_cmpny":{"@id":"U'3D6036F6D1273745AB803B010694EE3C'","@REL_ATTR":"U'3D6036F6D1273745AB803B010694EE3C'","@COMMON_NAME":"010916 - UA TRÊS CACHOEIRAS","link":{"@href":"http://usd.des.sicredi.net:8050/caisd-rest/ca_cmpny/U'3D6036F6D1273745AB803B010694EE3C'","@rel":"self"}}}} 
[2021-06-22 18:25:16] [INFO   ] {"collection_ca_cmpny":{"@COUNT":1,"@START":1,"@TOTAL_COUNT":1,"ca_cmpny":{"@id":"U'BFC1DE9A61BC5240B35D463D33A9506D'","@REL_ATTR":"U'BFC1DE9A61BC5240B35D463D33A9506D'","@COMMON_NAME":"010917 - UA IGREJINHA","link":{"@href":"http://usd.des.sicredi.net:8050/caisd-rest/ca_cmpny/U'BFC1DE9A61BC5240B35D463D33A9506D'","@rel":"self"}}}} 
[2021-06-22 18:25:16] [INFO   ] {"collection_ca_cmpny":{"@COUNT":1,"@START":1,"@TOTAL_COUNT":1,"ca_cmpny":{"@id":"U'20B81FA8480D3E4D81D48EA35D558F53'","@REL_ATTR":"U'20B81FA8480D3E4D81D48EA35D558F53'","@COMMON_NAME":"010918 - UA DE CAPIVARI DO SUL","link":{"@href":"http://usd.des.sicredi.net:8050/caisd-rest/ca_cmpny/U'20B81FA8480D3E4D81D48EA35D558F53'","@rel":"self"}}}} 
[2021-06-22 18:25:16] [INFO   ] {"collection_ca_cmpny":{"@COUNT":1,"@START":1,"@TOTAL_COUNT":1,"ca_cmpny":{"@id":"U'8ED016DE7ED8634AB3E4B82DDD8DF8B5'","@REL_ATTR":"U'8ED016DE7ED8634AB3E4B82DDD8DF8B5'","@COMMON_NAME":"010919 - UA SAPIRANGA","link":{"@href":"http://usd.des.sicredi.net:8050/caisd-rest/ca_cmpny/U'8ED016DE7ED8634AB3E4B82DDD8DF8B5'","@rel":"self"}}}} 
[2021-06-22 18:25:16] [INFO   ] {"collection_ca_cmpny":{"@COUNT":1,"@START":1,"@TOTAL_COUNT":1,"ca_cmpny":{"@id":"U'DB62F98468F2E64CBD830489C82C4D68'","@REL_ATTR":"U'DB62F98468F2E64CBD830489C82C4D68'","@COMMON_NAME":"010920 - UA TRAMANDAÍ","link":{"@href":"http://usd.des.sicredi.net:8050/caisd-rest/ca_cmpny/U'DB62F98468F2E64CBD830489C82C4D68'","@rel":"self"}}}} 
[2021-06-22 18:25:17] [INFO   ] {"collection_ca_cmpny":{"@COUNT":1,"@START":1,"@TOTAL_COUNT":1,"ca_cmpny":{"@id":"U'E1DEADDE0BCF69488D89A0FEEA88CED4'","@REL_ATTR":"U'E1DEADDE0BCF69488D89A0FEEA88CED4'","@COMMON_NAME":"010921 - UA SICREDI EMPRESAS","link":{"@href":"http://usd.des.sicredi.net:8050/caisd-rest/ca_cmpny/U'E1DEADDE0BCF69488D89A0FEEA88CED4'","@rel":"self"}}}} 
[2021-06-22 18:25:17] [INFO   ] {"collection_ca_cmpny":{"@COUNT":1,"@START":1,"@TOTAL_COUNT":1,"ca_cmpny":{"@id":"U'6738EB335D646940AD3BC3F88CFB7339'","@REL_ATTR":"U'6738EB335D646940AD3BC3F88CFB7339'","@COMMON_NAME":"010922 - UA MAQUINÉ","link":{"@href":"http://usd.des.sicredi.net:8050/caisd-rest/ca_cmpny/U'6738EB335D646940AD3BC3F88CFB7339'","@rel":"self"}}}} 
[2021-06-22 18:25:17] [INFO   ] {"collection_ca_cmpny":{"@COUNT":1,"@START":1,"@TOTAL_COUNT":1,"ca_cmpny":{"@id":"U'1301B6CB649F664EA4F568FB4617668C'","@REL_ATTR":"U'1301B6CB649F664EA4F568FB4617668C'","@COMMON_NAME":"010923 - UA ARROIO DO SAL","link":{"@href":"http://usd.des.sicredi.net:8050/caisd-rest/ca_cmpny/U'1301B6CB649F664EA4F568FB4617668C'","@rel":"self"}}}} 
[2021-06-22 18:25:17] [INFO   ] {"collection_ca_cmpny":{"@COUNT":0,"@START":0,"@TOTAL_COUNT":0}} 
[2021-06-22 18:25:17] [INFO   ] {"collection_ca_cmpny":{"@COUNT":1,"@START":1,"@TOTAL_COUNT":1,"ca_cmpny":{"@id":"U'ED150324259CA3489BFDF165C2EBBBEE'","@REL_ATTR":"U'ED150324259CA3489BFDF165C2EBBBEE'","@COMMON_NAME":"0109 - SICREDI NORDESTE RS","link":{"@href":"http://usd.des.sicredi.net:8050/caisd-rest/ca_cmpny/U'ED150324259CA3489BFDF165C2EBBBEE'","@rel":"self"}}}} 
[2021-06-22 18:25:17] [INFO   ] {"ca_cmpny":{"@id":"U'86A43B7E6B7A3642B46DA5340D55022B'","@REL_ATTR":"U'86A43B7E6B7A3642B46DA5340D55022B'","@COMMON_NAME":"010924 - UA BALNEÁRIO PINHAL","link":{"@href":"http://usd.des.sicredi.net:8050/caisd-rest/ca_cmpny/U'86A43B7E6B7A3642B46DA5340D55022B'","@rel":"self"}}} 
[2021-06-22 18:25:17] [INFO   ] {"collection_ca_cmpny":{"@COUNT":0,"@START":0,"@TOTAL_COUNT":0}} 
[2021-06-22 18:25:17] [INFO   ] {"collection_ca_cmpny":{"@COUNT":1,"@START":1,"@TOTAL_COUNT":1,"ca_cmpny":{"@id":"U'ED150324259CA3489BFDF165C2EBBBEE'","@REL_ATTR":"U'ED150324259CA3489BFDF165C2EBBBEE'","@COMMON_NAME":"0109 - SICREDI NORDESTE RS","link":{"@href":"http://usd.des.sicredi.net:8050/caisd-rest/ca_cmpny/U'ED150324259CA3489BFDF165C2EBBBEE'","@rel":"self"}}}} 
[2021-06-22 18:25:17] [INFO   ] {"ca_cmpny":{"@id":"U'6C3B98DEEA814E48A99B4838D76F471F'","@REL_ATTR":"U'6C3B98DEEA814E48A99B4838D76F471F'","@COMMON_NAME":"010925 - UA XANGRILÁ","link":{"@href":"http://usd.des.sicredi.net:8050/caisd-rest/ca_cmpny/U'6C3B98DEEA814E48A99B4838D76F471F'","@rel":"self"}}} 
[2021-06-22 18:25:17] [INFO   ] {"collection_ca_cmpny":{"@COUNT":0,"@START":0,"@TOTAL_COUNT":0}} 
[2021-06-22 18:25:17] [INFO   ] {"collection_ca_cmpny":{"@COUNT":1,"@START":1,"@TOTAL_COUNT":1,"ca_cmpny":{"@id":"U'ED150324259CA3489BFDF165C2EBBBEE'","@REL_ATTR":"U'ED150324259CA3489BFDF165C2EBBBEE'","@COMMON_NAME":"0109 - SICREDI NORDESTE RS","link":{"@href":"http://usd.des.sicredi.net:8050/caisd-rest/ca_cmpny/U'ED150324259CA3489BFDF165C2EBBBEE'","@rel":"self"}}}} 
[2021-06-22 18:25:18] [INFO   ] {"ca_cmpny":{"@id":"U'89F1E5C46A2A89448B683A4A435D1942'","@REL_ATTR":"U'89F1E5C46A2A89448B683A4A435D1942'","@COMMON_NAME":"010926 - UA IMBÉ","link":{"@href":"http://usd.des.sicredi.net:8050/caisd-rest/ca_cmpny/U'89F1E5C46A2A89448B683A4A435D1942'","@rel":"self"}}} 
[2021-06-22 18:25:18] [INFO   ] {"collection_ca_cmpny":{"@COUNT":0,"@START":0,"@TOTAL_COUNT":0}} 
[2021-06-22 18:25:18] [INFO   ] {"collection_ca_cmpny":{"@COUNT":1,"@START":1,"@TOTAL_COUNT":1,"ca_cmpny":{"@id":"U'ED150324259CA3489BFDF165C2EBBBEE'","@REL_ATTR":"U'ED150324259CA3489BFDF165C2EBBBEE'","@COMMON_NAME":"0109 - SICREDI NORDESTE RS","link":{"@href":"http://usd.des.sicredi.net:8050/caisd-rest/ca_cmpny/U'ED150324259CA3489BFDF165C2EBBBEE'","@rel":"self"}}}} 
[2021-06-22 18:25:18] [INFO   ] {"ca_cmpny":{"@id":"U'5E76C2DD9A52EA43800DEDE2AC1E1C7E'","@REL_ATTR":"U'5E76C2DD9A52EA43800DEDE2AC1E1C7E'","@COMMON_NAME":"010927 - UA SAPIRANGA - SÃO LUIZ","link":{"@href":"http://usd.des.sicredi.net:8050/caisd-rest/ca_cmpny/U'5E76C2DD9A52EA43800DEDE2AC1E1C7E'","@rel":"self"}}} 
[2021-06-22 18:47:07] [INFO   ] {"collection_ca_cmpny":{"@COUNT":1,"@START":1,"@TOTAL_COUNT":1,"ca_cmpny":{"@id":"U'C63F74F6FE40F9429E4E610C0C569AD3'","@REL_ATTR":"U'C63F74F6FE40F9429E4E610C0C569AD3'","@COMMON_NAME":"010116 - UA SÃO JOSÉ DO HORTÊNCIO","link":{"@href":"http://usd.des.sicredi.net:8050/caisd-rest/ca_cmpny/U'C63F74F6FE40F9429E4E610C0C569AD3'","@rel":"self"}}}} 
[2021-06-22 18:47:07] [INFO   ] {"collection_ca_cmpny":{"@COUNT":1,"@START":1,"@TOTAL_COUNT":1,"ca_cmpny":{"@id":"U'4DD7629ACECBEF45B2E8B667AE8A0DEC'","@REL_ATTR":"U'4DD7629ACECBEF45B2E8B667AE8A0DEC'","@COMMON_NAME":"010123 - UA CENTRO/SÃO LEOPOLDO","link":{"@href":"http://usd.des.sicredi.net:8050/caisd-rest/ca_cmpny/U'4DD7629ACECBEF45B2E8B667AE8A0DEC'","@rel":"self"}}}} 
[2021-06-22 18:47:07] [INFO   ] {"collection_ca_cmpny":{"@COUNT":1,"@START":1,"@TOTAL_COUNT":1,"ca_cmpny":{"@id":"U'E656C06401D0F84FAED4EA85575CF721'","@REL_ATTR":"U'E656C06401D0F84FAED4EA85575CF721'","@COMMON_NAME":"010125 - UA FEEVALE/NOVO HAMBURGO","link":{"@href":"http://usd.des.sicredi.net:8050/caisd-rest/ca_cmpny/U'E656C06401D0F84FAED4EA85575CF721'","@rel":"self"}}}} 
[2021-06-22 18:47:07] [INFO   ] {"collection_ca_cmpny":{"@COUNT":1,"@START":1,"@TOTAL_COUNT":1,"ca_cmpny":{"@id":"U'CA4CA85C0A55954FA94C878B5504DABC'","@REL_ATTR":"U'CA4CA85C0A55954FA94C878B5504DABC'","@COMMON_NAME":"010126 - UA ANA RECH/CAXIAS DO SUL","link":{"@href":"http://usd.des.sicredi.net:8050/caisd-rest/ca_cmpny/U'CA4CA85C0A55954FA94C878B5504DABC'","@rel":"self"}}}} 
[2021-06-22 18:47:07] [INFO   ] {"collection_ca_cmpny":{"@COUNT":1,"@START":1,"@TOTAL_COUNT":1,"ca_cmpny":{"@id":"U'6FE23092BD96F341806A792023DB8C79'","@REL_ATTR":"U'6FE23092BD96F341806A792023DB8C79'","@COMMON_NAME":"010134 - UA CENTRO/CANELA","link":{"@href":"http://usd.des.sicredi.net:8050/caisd-rest/ca_cmpny/U'6FE23092BD96F341806A792023DB8C79'","@rel":"self"}}}} 
[2021-06-22 18:47:07] [INFO   ] {"collection_ca_cmpny":{"@COUNT":1,"@START":1,"@TOTAL_COUNT":1,"ca_cmpny":{"@id":"U'D8BB42A0183FCE4EBC8D856D36071B70'","@REL_ATTR":"U'D8BB42A0183FCE4EBC8D856D36071B70'","@COMMON_NAME":"010136 - UA SCHARLAU - SÃO LEOPOLDO","link":{"@href":"http://usd.des.sicredi.net:8050/caisd-rest/ca_cmpny/U'D8BB42A0183FCE4EBC8D856D36071B70'","@rel":"self"}}}} 
[2021-06-22 18:47:07] [INFO   ] {"collection_ca_cmpny":{"@COUNT":1,"@START":1,"@TOTAL_COUNT":1,"ca_cmpny":{"@id":"U'B170DF301848064886AECCD38C703E40'","@REL_ATTR":"U'B170DF301848064886AECCD38C703E40'","@COMMON_NAME":"010140 - UA DESVIO RIZZO/CAXIAS DO SUL","link":{"@href":"http://usd.des.sicredi.net:8050/caisd-rest/ca_cmpny/U'B170DF301848064886AECCD38C703E40'","@rel":"self"}}}} 
[2021-06-22 18:47:07] [INFO   ] {"collection_ca_cmpny":{"@COUNT":1,"@START":1,"@TOTAL_COUNT":1,"ca_cmpny":{"@id":"U'89B22A0BFB573E41B36742D88EDD87FE'","@REL_ATTR":"U'89B22A0BFB573E41B36742D88EDD87FE'","@COMMON_NAME":"010141 - UA SÃO FRANCISCO DE PAULA","link":{"@href":"http://usd.des.sicredi.net:8050/caisd-rest/ca_cmpny/U'89B22A0BFB573E41B36742D88EDD87FE'","@rel":"self"}}}} 
[2021-06-22 18:47:07] [INFO   ] {"collection_ca_cmpny":{"@COUNT":1,"@START":1,"@TOTAL_COUNT":1,"ca_cmpny":{"@id":"U'90A601208A4E4940871EF9B41E33125C'","@REL_ATTR":"U'90A601208A4E4940871EF9B41E33125C'","@COMMON_NAME":"010142 - UA LINDOLFO COLLOR","link":{"@href":"http://usd.des.sicredi.net:8050/caisd-rest/ca_cmpny/U'90A601208A4E4940871EF9B41E33125C'","@rel":"self"}}}} 
[2021-06-22 18:47:07] [INFO   ] {"collection_ca_cmpny":{"@COUNT":1,"@START":1,"@TOTAL_COUNT":1,"ca_cmpny":{"@id":"U'DFF5F10CE7AEBD4DA0EADED5EBA9617A'","@REL_ATTR":"U'DFF5F10CE7AEBD4DA0EADED5EBA9617A'","@COMMON_NAME":"010145 - UA SANVITTO","link":{"@href":"http://usd.des.sicredi.net:8050/caisd-rest/ca_cmpny/U'DFF5F10CE7AEBD4DA0EADED5EBA9617A'","@rel":"self"}}}} 
[2021-06-22 18:47:08] [INFO   ] {"collection_ca_cmpny":{"@COUNT":1,"@START":1,"@TOTAL_COUNT":1,"ca_cmpny":{"@id":"U'779B494C1CCD3B4E9FE3F5BCBBCBFF8C'","@REL_ATTR":"U'779B494C1CCD3B4E9FE3F5BCBBCBFF8C'","@COMMON_NAME":"010146 - UA SANTA CATARINA ","link":{"@href":"http://usd.des.sicredi.net:8050/caisd-rest/ca_cmpny/U'779B494C1CCD3B4E9FE3F5BCBBCBFF8C'","@rel":"self"}}}} 
[2021-06-22 18:47:08] [INFO   ] {"collection_ca_cmpny":{"@COUNT":1,"@START":1,"@TOTAL_COUNT":1,"ca_cmpny":{"@id":"U'AE83DF6D5C322F49AE381BD45700138F'","@REL_ATTR":"U'AE83DF6D5C322F49AE381BD45700138F'","@COMMON_NAME":"010505 - UA MINISTÉRIO PÚBLICO","link":{"@href":"http://usd.des.sicredi.net:8050/caisd-rest/ca_cmpny/U'AE83DF6D5C322F49AE381BD45700138F'","@rel":"self"}}}} 
[2021-06-22 18:47:08] [INFO   ] {"collection_ca_cmpny":{"@COUNT":1,"@START":1,"@TOTAL_COUNT":1,"ca_cmpny":{"@id":"U'871E00355B097B4FBC288FF1BE0232E3'","@REL_ATTR":"U'871E00355B097B4FBC288FF1BE0232E3'","@COMMON_NAME":"010902 - UA SANTO ANTÔNIO PATRULHA","link":{"@href":"http://usd.des.sicredi.net:8050/caisd-rest/ca_cmpny/U'871E00355B097B4FBC288FF1BE0232E3'","@rel":"self"}}}} 
[2021-06-22 18:47:08] [INFO   ] {"collection_ca_cmpny":{"@COUNT":1,"@START":1,"@TOTAL_COUNT":1,"ca_cmpny":{"@id":"U'2A096B057F7EE6429E531DE10FEA7073'","@REL_ATTR":"U'2A096B057F7EE6429E531DE10FEA7073'","@COMMON_NAME":"010903 - UA TAQUARA","link":{"@href":"http://usd.des.sicredi.net:8050/caisd-rest/ca_cmpny/U'2A096B057F7EE6429E531DE10FEA7073'","@rel":"self"}}}} 
[2021-06-22 18:47:08] [INFO   ] {"collection_ca_cmpny":{"@COUNT":1,"@START":1,"@TOTAL_COUNT":1,"ca_cmpny":{"@id":"U'30C5834B580F834888FDB9880CC897B1'","@REL_ATTR":"U'30C5834B580F834888FDB9880CC897B1'","@COMMON_NAME":"010904 - UA RIOZINHO","link":{"@href":"http://usd.des.sicredi.net:8050/caisd-rest/ca_cmpny/U'30C5834B580F834888FDB9880CC897B1'","@rel":"self"}}}} 
[2021-06-22 18:47:08] [INFO   ] {"collection_ca_cmpny":{"@COUNT":1,"@START":1,"@TOTAL_COUNT":1,"ca_cmpny":{"@id":"U'B3D9900CDA6326469EACC9B1980B2F84'","@REL_ATTR":"U'B3D9900CDA6326469EACC9B1980B2F84'","@COMMON_NAME":"010905 - UA OSÓRIO","link":{"@href":"http://usd.des.sicredi.net:8050/caisd-rest/ca_cmpny/U'B3D9900CDA6326469EACC9B1980B2F84'","@rel":"self"}}}} 
[2021-06-22 18:47:08] [INFO   ] {"collection_ca_cmpny":{"@COUNT":1,"@START":1,"@TOTAL_COUNT":1,"ca_cmpny":{"@id":"U'9C9C7BB04A36FA468A764A154C8E209F'","@REL_ATTR":"U'9C9C7BB04A36FA468A764A154C8E209F'","@COMMON_NAME":"010907 - UA TERRA DE AREIA","link":{"@href":"http://usd.des.sicredi.net:8050/caisd-rest/ca_cmpny/U'9C9C7BB04A36FA468A764A154C8E209F'","@rel":"self"}}}} 
[2021-06-22 18:47:08] [INFO   ] {"collection_ca_cmpny":{"@COUNT":1,"@START":1,"@TOTAL_COUNT":1,"ca_cmpny":{"@id":"U'C30B6151D33CEC4FA97B588D92DA2F35'","@REL_ATTR":"U'C30B6151D33CEC4FA97B588D92DA2F35'","@COMMON_NAME":"010908 - UA NOVA HARTZ","link":{"@href":"http://usd.des.sicredi.net:8050/caisd-rest/ca_cmpny/U'C30B6151D33CEC4FA97B588D92DA2F35'","@rel":"self"}}}} 
[2021-06-22 18:47:08] [INFO   ] {"collection_ca_cmpny":{"@COUNT":1,"@START":1,"@TOTAL_COUNT":1,"ca_cmpny":{"@id":"U'4FA3D9170FED8A46A6060E66C7C9D1BF'","@REL_ATTR":"U'4FA3D9170FED8A46A6060E66C7C9D1BF'","@COMMON_NAME":"010909 - UA ITATI","link":{"@href":"http://usd.des.sicredi.net:8050/caisd-rest/ca_cmpny/U'4FA3D9170FED8A46A6060E66C7C9D1BF'","@rel":"self"}}}} 
[2021-06-22 18:47:08] [INFO   ] {"collection_ca_cmpny":{"@COUNT":1,"@START":1,"@TOTAL_COUNT":1,"ca_cmpny":{"@id":"U'0515B2C4D7CABE49AE76D20BAF06CCD1'","@REL_ATTR":"U'0515B2C4D7CABE49AE76D20BAF06CCD1'","@COMMON_NAME":"010910 - UA ROLANTE","link":{"@href":"http://usd.des.sicredi.net:8050/caisd-rest/ca_cmpny/U'0515B2C4D7CABE49AE76D20BAF06CCD1'","@rel":"self"}}}} 
[2021-06-22 18:47:08] [INFO   ] {"collection_ca_cmpny":{"@COUNT":1,"@START":1,"@TOTAL_COUNT":1,"ca_cmpny":{"@id":"U'37F49A3486F0694295F0513B1DCD2C7B'","@REL_ATTR":"U'37F49A3486F0694295F0513B1DCD2C7B'","@COMMON_NAME":"010911 - UA PALMARES DO SUL","link":{"@href":"http://usd.des.sicredi.net:8050/caisd-rest/ca_cmpny/U'37F49A3486F0694295F0513B1DCD2C7B'","@rel":"self"}}}} 
[2021-06-22 18:47:08] [INFO   ] {"collection_ca_cmpny":{"@COUNT":1,"@START":1,"@TOTAL_COUNT":1,"ca_cmpny":{"@id":"U'2177BBA9E8B0524A94A4400C6138DB19'","@REL_ATTR":"U'2177BBA9E8B0524A94A4400C6138DB19'","@COMMON_NAME":"010912 - UA TORRES","link":{"@href":"http://usd.des.sicredi.net:8050/caisd-rest/ca_cmpny/U'2177BBA9E8B0524A94A4400C6138DB19'","@rel":"self"}}}} 
[2021-06-22 18:47:09] [INFO   ] {"collection_ca_cmpny":{"@COUNT":1,"@START":1,"@TOTAL_COUNT":1,"ca_cmpny":{"@id":"U'4BDBCAEB472E59438DEEF047951FAC88'","@REL_ATTR":"U'4BDBCAEB472E59438DEEF047951FAC88'","@COMMON_NAME":"010913 - UA TRÊS COROAS","link":{"@href":"http://usd.des.sicredi.net:8050/caisd-rest/ca_cmpny/U'4BDBCAEB472E59438DEEF047951FAC88'","@rel":"self"}}}} 
[2021-06-22 18:47:09] [INFO   ] {"collection_ca_cmpny":{"@COUNT":1,"@START":1,"@TOTAL_COUNT":1,"ca_cmpny":{"@id":"U'8999E83BEC306D439BE0B1D8C2263F06'","@REL_ATTR":"U'8999E83BEC306D439BE0B1D8C2263F06'","@COMMON_NAME":"010914 - UA CAPÃO DA CANOA","link":{"@href":"http://usd.des.sicredi.net:8050/caisd-rest/ca_cmpny/U'8999E83BEC306D439BE0B1D8C2263F06'","@rel":"self"}}}} 
[2021-06-22 18:47:09] [INFO   ] {"collection_ca_cmpny":{"@COUNT":1,"@START":1,"@TOTAL_COUNT":1,"ca_cmpny":{"@id":"U'A432A2A73E99BB40BEB9B559469557CD'","@REL_ATTR":"U'A432A2A73E99BB40BEB9B559469557CD'","@COMMON_NAME":"010915 - UA CAMPO BOM","link":{"@href":"http://usd.des.sicredi.net:8050/caisd-rest/ca_cmpny/U'A432A2A73E99BB40BEB9B559469557CD'","@rel":"self"}}}} 
[2021-06-22 18:47:09] [INFO   ] {"collection_ca_cmpny":{"@COUNT":1,"@START":1,"@TOTAL_COUNT":1,"ca_cmpny":{"@id":"U'3D6036F6D1273745AB803B010694EE3C'","@REL_ATTR":"U'3D6036F6D1273745AB803B010694EE3C'","@COMMON_NAME":"010916 - UA TRÊS CACHOEIRAS","link":{"@href":"http://usd.des.sicredi.net:8050/caisd-rest/ca_cmpny/U'3D6036F6D1273745AB803B010694EE3C'","@rel":"self"}}}} 
[2021-06-22 18:47:09] [INFO   ] {"collection_ca_cmpny":{"@COUNT":1,"@START":1,"@TOTAL_COUNT":1,"ca_cmpny":{"@id":"U'BFC1DE9A61BC5240B35D463D33A9506D'","@REL_ATTR":"U'BFC1DE9A61BC5240B35D463D33A9506D'","@COMMON_NAME":"010917 - UA IGREJINHA","link":{"@href":"http://usd.des.sicredi.net:8050/caisd-rest/ca_cmpny/U'BFC1DE9A61BC5240B35D463D33A9506D'","@rel":"self"}}}} 
[2021-06-22 18:47:09] [INFO   ] {"collection_ca_cmpny":{"@COUNT":1,"@START":1,"@TOTAL_COUNT":1,"ca_cmpny":{"@id":"U'20B81FA8480D3E4D81D48EA35D558F53'","@REL_ATTR":"U'20B81FA8480D3E4D81D48EA35D558F53'","@COMMON_NAME":"010918 - UA DE CAPIVARI DO SUL","link":{"@href":"http://usd.des.sicredi.net:8050/caisd-rest/ca_cmpny/U'20B81FA8480D3E4D81D48EA35D558F53'","@rel":"self"}}}} 
[2021-06-22 18:47:09] [INFO   ] {"collection_ca_cmpny":{"@COUNT":1,"@START":1,"@TOTAL_COUNT":1,"ca_cmpny":{"@id":"U'8ED016DE7ED8634AB3E4B82DDD8DF8B5'","@REL_ATTR":"U'8ED016DE7ED8634AB3E4B82DDD8DF8B5'","@COMMON_NAME":"010919 - UA SAPIRANGA","link":{"@href":"http://usd.des.sicredi.net:8050/caisd-rest/ca_cmpny/U'8ED016DE7ED8634AB3E4B82DDD8DF8B5'","@rel":"self"}}}} 
[2021-06-22 18:47:09] [INFO   ] {"collection_ca_cmpny":{"@COUNT":1,"@START":1,"@TOTAL_COUNT":1,"ca_cmpny":{"@id":"U'DB62F98468F2E64CBD830489C82C4D68'","@REL_ATTR":"U'DB62F98468F2E64CBD830489C82C4D68'","@COMMON_NAME":"010920 - UA TRAMANDAÍ","link":{"@href":"http://usd.des.sicredi.net:8050/caisd-rest/ca_cmpny/U'DB62F98468F2E64CBD830489C82C4D68'","@rel":"self"}}}} 
[2021-06-22 18:47:09] [INFO   ] {"collection_ca_cmpny":{"@COUNT":1,"@START":1,"@TOTAL_COUNT":1,"ca_cmpny":{"@id":"U'E1DEADDE0BCF69488D89A0FEEA88CED4'","@REL_ATTR":"U'E1DEADDE0BCF69488D89A0FEEA88CED4'","@COMMON_NAME":"010921 - UA SICREDI EMPRESAS","link":{"@href":"http://usd.des.sicredi.net:8050/caisd-rest/ca_cmpny/U'E1DEADDE0BCF69488D89A0FEEA88CED4'","@rel":"self"}}}} 
[2021-06-22 18:47:09] [INFO   ] {"collection_ca_cmpny":{"@COUNT":1,"@START":1,"@TOTAL_COUNT":1,"ca_cmpny":{"@id":"U'6738EB335D646940AD3BC3F88CFB7339'","@REL_ATTR":"U'6738EB335D646940AD3BC3F88CFB7339'","@COMMON_NAME":"010922 - UA MAQUINÉ","link":{"@href":"http://usd.des.sicredi.net:8050/caisd-rest/ca_cmpny/U'6738EB335D646940AD3BC3F88CFB7339'","@rel":"self"}}}} 
[2021-06-22 18:47:09] [INFO   ] {"collection_ca_cmpny":{"@COUNT":1,"@START":1,"@TOTAL_COUNT":1,"ca_cmpny":{"@id":"U'1301B6CB649F664EA4F568FB4617668C'","@REL_ATTR":"U'1301B6CB649F664EA4F568FB4617668C'","@COMMON_NAME":"010923 - UA ARROIO DO SAL","link":{"@href":"http://usd.des.sicredi.net:8050/caisd-rest/ca_cmpny/U'1301B6CB649F664EA4F568FB4617668C'","@rel":"self"}}}} 
[2021-06-22 18:47:10] [INFO   ] {"collection_ca_cmpny":{"@COUNT":1,"@START":1,"@TOTAL_COUNT":1,"ca_cmpny":{"@id":"U'86A43B7E6B7A3642B46DA5340D55022B'","@REL_ATTR":"U'86A43B7E6B7A3642B46DA5340D55022B'","@COMMON_NAME":"010924 - UA BALNEÁRIO PINHAL","link":{"@href":"http://usd.des.sicredi.net:8050/caisd-rest/ca_cmpny/U'86A43B7E6B7A3642B46DA5340D55022B'","@rel":"self"}}}} 
[2021-06-22 18:47:10] [INFO   ] {"collection_ca_cmpny":{"@COUNT":1,"@START":1,"@TOTAL_COUNT":1,"ca_cmpny":{"@id":"U'6C3B98DEEA814E48A99B4838D76F471F'","@REL_ATTR":"U'6C3B98DEEA814E48A99B4838D76F471F'","@COMMON_NAME":"010925 - UA XANGRILÁ","link":{"@href":"http://usd.des.sicredi.net:8050/caisd-rest/ca_cmpny/U'6C3B98DEEA814E48A99B4838D76F471F'","@rel":"self"}}}} 
[2021-06-22 18:47:10] [INFO   ] {"collection_ca_cmpny":{"@COUNT":1,"@START":1,"@TOTAL_COUNT":1,"ca_cmpny":{"@id":"U'89F1E5C46A2A89448B683A4A435D1942'","@REL_ATTR":"U'89F1E5C46A2A89448B683A4A435D1942'","@COMMON_NAME":"010926 - UA IMBÉ","link":{"@href":"http://usd.des.sicredi.net:8050/caisd-rest/ca_cmpny/U'89F1E5C46A2A89448B683A4A435D1942'","@rel":"self"}}}} 
[2021-06-22 18:47:10] [INFO   ] {"collection_ca_cmpny":{"@COUNT":1,"@START":1,"@TOTAL_COUNT":1,"ca_cmpny":{"@id":"U'5E76C2DD9A52EA43800DEDE2AC1E1C7E'","@REL_ATTR":"U'5E76C2DD9A52EA43800DEDE2AC1E1C7E'","@COMMON_NAME":"010927 - UA SAPIRANGA - SÃO LUIZ","link":{"@href":"http://usd.des.sicredi.net:8050/caisd-rest/ca_cmpny/U'5E76C2DD9A52EA43800DEDE2AC1E1C7E'","@rel":"self"}}}} 
[2021-06-22 18:47:10] [INFO   ] {"collection_ca_cmpny":{"@COUNT":1,"@START":1,"@TOTAL_COUNT":1,"ca_cmpny":{"@id":"U'654A012468098741A0B1AB75A246D9FF'","@REL_ATTR":"U'654A012468098741A0B1AB75A246D9FF'","@COMMON_NAME":"011602 - UA SÃO JOÃO","link":{"@href":"http://usd.des.sicredi.net:8050/caisd-rest/ca_cmpny/U'654A012468098741A0B1AB75A246D9FF'","@rel":"self"}}}} 
[2021-06-22 18:53:02] [SEVERE ] Gestent ::: /172.27.246.184:51403: GOAWAY received 
